<?xml version="1.0" encoding="UTF-8"?>
<!-- Generated by org.testng.reporters.JUnitReportReporter -->
<testsuite skipped="0" hostname="TYSS-ELF-Manjunath" name="com.WebElement.AddWebElement.AddWebElement" tests="17" failures="0" timestamp="16 May 2020 15:20:06 GMT" time="65.024" errors="0">
  <testcase name="addingElements" time="4.171" classname="com.WebElement.AddWebElement.AddWebElement"/>
  <testcase name="addingElements" time="4.298" classname="com.WebElement.AddWebElement.AddWebElement"/>
  <testcase name="addingElements" time="3.737" classname="com.WebElement.AddWebElement.AddWebElement"/>
  <testcase name="addingElements" time="4.051" classname="com.WebElement.AddWebElement.AddWebElement"/>
  <testcase name="addingElements" time="4.036" classname="com.WebElement.AddWebElement.AddWebElement"/>
  <testcase name="addingElements" time="3.844" classname="com.WebElement.AddWebElement.AddWebElement"/>
  <testcase name="addingElements" time="4.251" classname="com.WebElement.AddWebElement.AddWebElement"/>
  <testcase name="addingElements" time="3.364" classname="com.WebElement.AddWebElement.AddWebElement"/>
  <testcase name="addingElements" time="4.642" classname="com.WebElement.AddWebElement.AddWebElement"/>
  <testcase name="addingElements" time="3.938" classname="com.WebElement.AddWebElement.AddWebElement"/>
  <testcase name="addingElements" time="3.461" classname="com.WebElement.AddWebElement.AddWebElement"/>
  <testcase name="addingElements" time="3.537" classname="com.WebElement.AddWebElement.AddWebElement"/>
  <testcase name="addingElements" time="3.789" classname="com.WebElement.AddWebElement.AddWebElement"/>
  <testcase name="addingElements" time="3.709" classname="com.WebElement.AddWebElement.AddWebElement"/>
  <testcase name="addingElements" time="3.097" classname="com.WebElement.AddWebElement.AddWebElement"/>
  <testcase name="addingElements" time="3.656" classname="com.WebElement.AddWebElement.AddWebElement"/>
  <testcase name="addingElements" time="3.443" classname="com.WebElement.AddWebElement.AddWebElement"/>
</testsuite> <!-- com.WebElement.AddWebElement.AddWebElement -->
